+----------------------------------------------------+-------------+-----------+----------------+---------------------------------------------------------------------------------------------------------------------------------------------------------+
    | id                                                 | estRows     | task      | access object  | operator info                                                                                                                                           |
    +----------------------------------------------------+-------------+-----------+----------------+---------------------------------------------------------------------------------------------------------------------------------------------------------+
    | Sort_24                                            | 5.00        | root      |                | Column#49:desc                                                                                                                                          |
    | └─Projection_26                                    | 5.00        | root      |                | tpch10.nation.n_name, Column#49                                                                                                                         |
    |   └─HashAgg_27                                     | 5.00        | root      |                | group by:Column#52, funcs:sum(Column#50)->Column#49, funcs:firstrow(Column#51)->tpch10.nation.n_name                                                    |
    |     └─Projection_85                                | 2268108.93  | root      |                | mul(tpch10.lineitem.l_extendedprice, minus(1, tpch10.lineitem.l_discount))->Column#50, tpch10.nation.n_name->Column#51, tpch10.nation.n_name->Column#52 |
    |       └─Projection_28                              | 2268108.93  | root      |                | tpch10.lineitem.l_extendedprice, tpch10.lineitem.l_discount, tpch10.nation.n_name                                                                       |
    |         └─HashJoin_37                              | 2268108.93  | root      |                | inner join, equal:[eq(tpch10.orders.o_custkey, tpch10.customer.c_custkey) eq(tpch10.supplier.s_nationkey, tpch10.customer.c_nationkey)]                 |
    |           ├─TableReader_83(Build)                  | 1500000.00  | root      |                | data:TableFullScan_82                                                                                                                                   |
    |           │ └─TableFullScan_82                     | 1500000.00  | cop[tikv] | table:customer | keep order:false                                                                                                                                        |
    |           └─HashJoin_51(Probe)                     | 2268108.93  | root      |                | inner join, equal:[eq(tpch10.lineitem.l_orderkey, tpch10.orders.o_orderkey)]                                                                            |
    |             ├─TableReader_81(Build)                | 2268108.93  | root      |                | data:Selection_80                                                                                                                                       |
    |             │ └─Selection_80                       | 2268108.93  | cop[tikv] |                | ge(tpch10.orders.o_orderdate, 1994-01-01), lt(tpch10.orders.o_orderdate, 1995-01-01)                                                                    |
    |             │   └─TableFullScan_79                 | 15000000.00 | cop[tikv] | table:orders   | keep order:false                                                                                                                                        |
    |             └─HashJoin_54(Probe)                   | 12074486.92 | root      |                | inner join, equal:[eq(tpch10.supplier.s_suppkey, tpch10.lineitem.l_suppkey)]                                                                            |
    |               ├─HashJoin_56(Build)                 | 20000.00    | root      |                | inner join, equal:[eq(tpch10.nation.n_nationkey, tpch10.supplier.s_nationkey)]                                                                          |
    |               │ ├─HashJoin_69(Build)               | 5.00        | root      |                | inner join, equal:[eq(tpch10.region.r_regionkey, tpch10.nation.n_regionkey)]                                                                            |
    |               │ │ ├─TableReader_74(Build)          | 1.00        | root      |                | data:Selection_73                                                                                                                                       |
    |               │ │ │ └─Selection_73                 | 1.00        | cop[tikv] |                | eq(tpch10.region.r_name, "ASIA")                                                                                                                        |
    |               │ │ │   └─TableFullScan_72           | 5.00        | cop[tikv] | table:region   | keep order:false                                                                                                                                        |
    |               │ │ └─TableReader_71(Probe)          | 25.00       | root      |                | data:TableFullScan_70                                                                                                                                   |
    |               │ │   └─TableFullScan_70             | 25.00       | cop[tikv] | table:nation   | keep order:false                                                                                                                                        |
    |               │ └─TableReader_76(Probe)            | 100000.00   | root      |                | data:TableFullScan_75                                                                                                                                   |
    |               │   └─TableFullScan_75               | 100000.00   | cop[tikv] | table:supplier | keep order:false                                                                                                                                        |
    |               └─TableReader_78(Probe)              | 59986052.00 | root      |                | data:TableFullScan_77                                                                                                                                   |
    |                 └─TableFullScan_77                 | 59986052.00 | cop[tikv] | table:lineitem | keep order:false                                                                                                                                        |
    +----------------------------------------------------+-------------+-----------+----------------+---------------------------------------------------------------------------------------------------------------------------------------------------------+
    24 rows in set, 1 warning (0.00 sec)